# JRE version: Java(TM) SE Runtime Environment (8.0_161-b12) (build 1.8.0_161-b12)
# Java VM: Java HotSpot(TM) 64-Bit Server VM (25.161-b12 mixed mode linux-amd64 compressed oops)
Heap:
 garbage-first heap   total 419840K, used 63735K [0x00000000c0000000, 0x00000000c0100cd0, 0x0000000100000000)
  region size 1024K, 20 young (20480K), 20 survivors (20480K)
 Metaspace       used 42443K, capacity 44854K, committed 45184K, reserved 1089536K
  class space    used 4941K, capacity 5729K, committed 5760K, reserved 1048576K
GC Heap History (10 events):
Event: 8.743 GC heap after
Heap after GC invocations=23 (full 0):
 garbage-first heap   total 65536K, used 41399K [0x00000000c0000000, 0x00000000c0100200, 0x0000000100000000)
  region size 1024K, 2 young (2048K), 2 survivors (2048K)
 Metaspace       used 42410K, capacity 44790K, committed 44928K, reserved 1089536K
  class space    used 4940K, capacity 5729K, committed 5760K, reserved 1048576K
}
Event: 8.752 GC heap before
{Heap before GC invocations=23 (full 0):
 garbage-first heap   total 65536K, used 42423K [0x00000000c0000000, 0x00000000c0100200, 0x0000000100000000)
  region size 1024K, 3 young (3072K), 2 survivors (2048K)
 Metaspace       used 42410K, capacity 44790K, committed 44928K, reserved 1089536K
  class space    used 4940K, capacity 5729K, committed 5760K, reserved 1048576K
Event: 8.809 GC heap after
Heap after GC invocations=24 (full 0):
 garbage-first heap   total 65536K, used 38383K [0x00000000c0000000, 0x00000000c0100200, 0x0000000100000000)
  region size 1024K, 1 young (1024K), 1 survivors (1024K)
 Metaspace       used 42410K, capacity 44790K, committed 44928K, reserved 1089536K
  class space    used 4940K, capacity 5729K, committed 5760K, reserved 1048576K
}
Event: 8.829 GC heap before
{Heap before GC invocations=24 (full 0):
 garbage-first heap   total 65536K, used 40431K [0x00000000c0000000, 0x00000000c0100200, 0x0000000100000000)
  region size 1024K, 3 young (3072K), 1 survivors (1024K)
 Metaspace       used 42410K, capacity 44790K, committed 44928K, reserved 1089536K
  class space    used 4940K, capacity 5729K, committed 5760K, reserved 1048576K
Event: 8.872 GC heap after
Heap after GC invocations=25 (full 0):
 garbage-first heap   total 65536K, used 35930K [0x00000000c0000000, 0x00000000c0100200, 0x0000000100000000)
  region size 1024K, 1 young (1024K), 1 survivors (1024K)
 Metaspace       used 42410K, capacity 44790K, committed 44928K, reserved 1089536K
  class space    used 4940K, capacity 5729K, committed 5760K, reserved 1048576K
}
Event: 8.884 GC heap before
{Heap before GC invocations=25 (full 0):
 garbage-first heap   total 65536K, used 37978K [0x00000000c0000000, 0x00000000c0100200, 0x0000000100000000)
  region size 1024K, 3 young (3072K), 1 survivors (1024K)
 Metaspace       used 42410K, capacity 44790K, committed 44928K, reserved 1089536K
  class space    used 4940K, capacity 5729K, committed 5760K, reserved 1048576K
Event: 8.921 GC heap after
Heap after GC invocations=26 (full 0):
 garbage-first heap   total 131072K, used 37024K [0x00000000c0000000, 0x00000000c0100400, 0x0000000100000000)
  region size 1024K, 1 young (1024K), 1 survivors (1024K)
 Metaspace       used 42410K, capacity 44790K, committed 44928K, reserved 1089536K
  class space    used 4940K, capacity 5729K, committed 5760K, reserved 1048576K
}
Event: 9.418 GC heap before
{Heap before GC invocations=26 (full 0):
 garbage-first heap   total 131072K, used 107520K [0x00000000c0000000, 0x00000000c0100400, 0x0000000100000000)
  region size 1024K, 69 young (70656K), 1 survivors (1024K)
 Metaspace       used 42418K, capacity 44854K, committed 45184K, reserved 1089536K
  class space    used 4940K, capacity 5729K, committed 5760K, reserved 1048576K
Event: 9.466 GC heap after
Heap after GC invocations=27 (full 0):
 garbage-first heap   total 262144K, used 47490K [0x00000000c0000000, 0x00000000c0100800, 0x0000000100000000)
  region size 1024K, 9 young (9216K), 9 survivors (9216K)
 Metaspace       used 42418K, capacity 44854K, committed 45184K, reserved 1089536K
  class space    used 4940K, capacity 5729K, committed 5760K, reserved 1048576K
}
Event: 10.840 GC heap before
{Heap before GC invocations=27 (full 0):
 garbage-first heap   total 262144K, used 194946K [0x00000000c0000000, 0x00000000c0100800, 0x0000000100000000)
  region size 1024K, 153 young (156672K), 9 survivors (9216K)
 Metaspace       used 42443K, capacity 44854K, committed 45184K, reserved 1089536K
  class space    used 4941K, capacity 5729K, committed 5760K, reserved 1048576K

